<?xml version="1.0" encoding="UTF-8"?>
<!-- Generated by org.testng.reporters.JUnitReportReporter -->
<testsuite hostname="DESKTOP-E7RH1QJ" failures="0" tests="1" name="courseEndProject.Assignment005Demo" time="3.745" errors="0" timestamp="2023-11-10T23:10:49 IST" skipped="0">
  <testcase classname="courseEndProject.Assignment005Demo" name="assignment005FindByStatus" time="3.745"/>
  <system-out/>
</testsuite> <!-- courseEndProject.Assignment005Demo -->
