<?xml version="1.0" encoding="UTF-8"?>
<!-- Generated by org.testng.reporters.JUnitReportReporter -->
<testsuite hostname="DESKTOP-E7RH1QJ" failures="0" tests="1" name="courseEndProject.Assignment006Demo" time="4.600" errors="0" timestamp="2023-11-10T23:11:02 IST" skipped="0">
  <testcase classname="courseEndProject.Assignment006Demo" name="assignment006Logout" time="4.600"/>
  <system-out/>
</testsuite> <!-- courseEndProject.Assignment006Demo -->
