<?xml version="1.0" encoding="UTF-8"?>
<!-- Generated by org.testng.reporters.JUnitReportReporter -->
<testsuite hostname="DESKTOP-E7RH1QJ" failures="0" tests="2" name="courseEndProject.Assignment002Demo" time="6.128" errors="0" timestamp="2023-11-10T23:10:00 IST" skipped="0">
  <testcase classname="courseEndProject.Assignment002Demo" name="assignment002Post" time="4.661"/>
  <system-out/>
  <testcase classname="courseEndProject.Assignment002Demo" name="assignment002Put" time="1.467"/>
  <system-out/>
</testsuite> <!-- courseEndProject.Assignment002Demo -->
