<?xml version="1.0" encoding="UTF-8"?>
<!-- Generated by org.testng.reporters.JUnitReportReporter -->
<testsuite hostname="DESKTOP-E7RH1QJ" failures="0" tests="3" name="courseEndProject.Assignment001Demo" time="7.800" errors="0" timestamp="2023-11-10T23:09:42 IST" skipped="0">
  <testcase classname="courseEndProject.Assignment001Demo" name="assignment001Post" time="4.875"/>
  <system-out/>
  <testcase classname="courseEndProject.Assignment001Demo" name="assignment001Get" time="1.483"/>
  <system-out/>
  <testcase classname="courseEndProject.Assignment001Demo" name="assignment001Delete" time="1.442"/>
  <system-out/>
</testsuite> <!-- courseEndProject.Assignment001Demo -->
