<?xml version="1.0" encoding="UTF-8"?>
<!-- Generated by org.testng.reporters.JUnitReportReporter -->
<testsuite hostname="DESKTOP-E7RH1QJ" failures="0" tests="1" name="courseEndProject.Assignment004Demo" time="4.538" errors="0" timestamp="2023-11-10T23:10:35 IST" skipped="0">
  <testcase classname="courseEndProject.Assignment004Demo" name="assignment004login" time="4.538"/>
  <system-out/>
</testsuite> <!-- courseEndProject.Assignment004Demo -->
